Arguments: 
  /usr/local/bin/node /usr/local/bin/yarn install

PATH: 
  /usr/local/bin:/usr/bin:/bin:/usr/sbin:/sbin:/Library/Frameworks/Python.framework/Versions/2.7/bin:/Library/Frameworks/Mono.framework/Versions/Current/Commands:/Users/jackgilbert/.sdkman/candidates/java/current/bin

Yarn version: 
  1.17.3

Node version: 
  12.18.0

Platform: 
  darwin x64

Trace: 
  Error: https://cglcloud.jfrog.io/cglcloud/api/npm/npm/@emotion%2freact: tunneling socket could not be established, cause=getaddrinfo ENOTFOUND web.prod.proxy.cargill.com
      at ClientRequest.onError (/usr/local/lib/node_modules/yarn/lib/cli.js:151950:17)
      at Object.onceWrapper (events.js:422:26)
      at ClientRequest.emit (events.js:315:20)
      at Socket.socketErrorListener (_http_client.js:426:9)
      at Socket.emit (events.js:315:20)
      at emitErrorNT (internal/streams/destroy.js:92:8)
      at emitErrorAndCloseNT (internal/streams/destroy.js:60:3)
      at processTicksAndRejections (internal/process/task_queues.js:84:21)

npm manifest: 
  {
    "name": "frontend",
    "version": "0.1.0",
    "private": true,
    "dependencies": {
      "@emotion/react": "^11.7.1",
      "@emotion/styled": "^11.6.0",
      "@material-ui/core": "^4.12.3",
      "@mui/icons-material": "^5.2.5",
      "@mui/material": "^5.2.7",
      "@reduxjs/toolkit": "^1.7.1",
      "@testing-library/jest-dom": "^5.11.4",
      "@testing-library/react": "^11.1.0",
      "@testing-library/user-event": "^12.1.10",
      "axios": "^0.24.0",
      "date-fns": "^2.24.0",
      "react": "^17.0.2",
      "react-dom": "^17.0.2",
      "react-redux": "^7.2.6",
      "react-scripts": "4.0.3",
      "web-vitals": "^1.0.1"
    },
    "scripts": {
      "start": "react-scripts start",
      "build": "react-scripts build",
      "test": "react-scripts test",
      "eject": "react-scripts eject"
    },
    "eslintConfig": {
      "extends": [
        "react-app",
        "react-app/jest"
      ]
    },
    "browserslist": {
      "production": [
        ">0.2%",
        "not dead",
        "not op_mini all"
      ],
      "development": [
        "last 1 chrome version",
        "last 1 firefox version",
        "last 1 safari version"
      ]
    },
    "devDependencies": {
      "miragejs": "^0.1.41"
    }
  }

yarn manifest: 
  No manifest

Lockfile: 
  No lockfile
